[0.764s] Invoking command in '/home/ubuntu/BANSHEE-Mechatronics-SPR24/Banshee-ros/src/integration': PYTHONPATH=/home/ubuntu/BANSHEE-Mechatronics-SPR24/Banshee-ros/build/integration/prefix_override:/usr/lib/python3/dist-packages/colcon_core/task/python/colcon_distutils_commands:/home/ubuntu/BANSHEE-Mechatronics-SPR24/Banshee-ros/install/integration/lib/python3.10/site-packages:${PYTHONPATH} /usr/bin/python3 -W ignore:setup.py install is deprecated setup.py egg_info --egg-base ../../build/integration build --build-base /home/ubuntu/BANSHEE-Mechatronics-SPR24/Banshee-ros/build/integration/build install --record /home/ubuntu/BANSHEE-Mechatronics-SPR24/Banshee-ros/build/integration/install.log --single-version-externally-managed install_data
[0.918s] running egg_info
[0.919s] writing ../../build/integration/integration.egg-info/PKG-INFO
[0.920s] writing dependency_links to ../../build/integration/integration.egg-info/dependency_links.txt
[0.920s] writing entry points to ../../build/integration/integration.egg-info/entry_points.txt
[0.920s] writing requirements to ../../build/integration/integration.egg-info/requires.txt
[0.920s] writing top-level names to ../../build/integration/integration.egg-info/top_level.txt
[0.920s] reading manifest file '../../build/integration/integration.egg-info/SOURCES.txt'
[0.921s] writing manifest file '../../build/integration/integration.egg-info/SOURCES.txt'
[0.921s] running build
[0.921s] running build_py
[0.921s] running install
[0.921s] running install_lib
[0.922s] running install_data
[0.922s] copying package.xml -> /home/ubuntu/BANSHEE-Mechatronics-SPR24/Banshee-ros/install/integration/share/integration
[0.922s] running install_egg_info
[0.923s] removing '/home/ubuntu/BANSHEE-Mechatronics-SPR24/Banshee-ros/install/integration/lib/python3.10/site-packages/integration-0.0.0-py3.10.egg-info' (and everything under it)
[0.923s] Copying ../../build/integration/integration.egg-info to /home/ubuntu/BANSHEE-Mechatronics-SPR24/Banshee-ros/install/integration/lib/python3.10/site-packages/integration-0.0.0-py3.10.egg-info
[0.924s] running install_scripts
[0.938s] Installing integration_node script to /home/ubuntu/BANSHEE-Mechatronics-SPR24/Banshee-ros/install/integration/lib/integration
[0.938s] writing list of installed files to '/home/ubuntu/BANSHEE-Mechatronics-SPR24/Banshee-ros/build/integration/install.log'
[0.968s] Invoked command in '/home/ubuntu/BANSHEE-Mechatronics-SPR24/Banshee-ros/src/integration' returned '0': PYTHONPATH=/home/ubuntu/BANSHEE-Mechatronics-SPR24/Banshee-ros/build/integration/prefix_override:/usr/lib/python3/dist-packages/colcon_core/task/python/colcon_distutils_commands:/home/ubuntu/BANSHEE-Mechatronics-SPR24/Banshee-ros/install/integration/lib/python3.10/site-packages:${PYTHONPATH} /usr/bin/python3 -W ignore:setup.py install is deprecated setup.py egg_info --egg-base ../../build/integration build --build-base /home/ubuntu/BANSHEE-Mechatronics-SPR24/Banshee-ros/build/integration/build install --record /home/ubuntu/BANSHEE-Mechatronics-SPR24/Banshee-ros/build/integration/install.log --single-version-externally-managed install_data
