[0.767s] Invoking command in '/home/ubuntu/BANSHEE-Mechatronics-SPR24/Banshee-ros/src/camera_node': PYTHONPATH=/home/ubuntu/BANSHEE-Mechatronics-SPR24/Banshee-ros/build/camera_node/prefix_override:/usr/lib/python3/dist-packages/colcon_core/task/python/colcon_distutils_commands:/home/ubuntu/BANSHEE-Mechatronics-SPR24/Banshee-ros/install/camera_node/lib/python3.10/site-packages:${PYTHONPATH} /usr/bin/python3 -W ignore:setup.py install is deprecated setup.py egg_info --egg-base ../../build/camera_node build --build-base /home/ubuntu/BANSHEE-Mechatronics-SPR24/Banshee-ros/build/camera_node/build install --record /home/ubuntu/BANSHEE-Mechatronics-SPR24/Banshee-ros/build/camera_node/install.log --single-version-externally-managed install_data
[0.923s] running egg_info
[0.924s] writing ../../build/camera_node/camera_node.egg-info/PKG-INFO
[0.924s] writing dependency_links to ../../build/camera_node/camera_node.egg-info/dependency_links.txt
[0.924s] writing entry points to ../../build/camera_node/camera_node.egg-info/entry_points.txt
[0.924s] writing requirements to ../../build/camera_node/camera_node.egg-info/requires.txt
[0.924s] writing top-level names to ../../build/camera_node/camera_node.egg-info/top_level.txt
[0.925s] reading manifest file '../../build/camera_node/camera_node.egg-info/SOURCES.txt'
[0.925s] writing manifest file '../../build/camera_node/camera_node.egg-info/SOURCES.txt'
[0.925s] running build
[0.925s] running build_py
[0.926s] running install
[0.926s] running install_lib
[0.926s] running install_data
[0.927s] running install_egg_info
[0.928s] removing '/home/ubuntu/BANSHEE-Mechatronics-SPR24/Banshee-ros/install/camera_node/lib/python3.10/site-packages/camera_node-0.0.0-py3.10.egg-info' (and everything under it)
[0.928s] Copying ../../build/camera_node/camera_node.egg-info to /home/ubuntu/BANSHEE-Mechatronics-SPR24/Banshee-ros/install/camera_node/lib/python3.10/site-packages/camera_node-0.0.0-py3.10.egg-info
[0.928s] running install_scripts
[0.943s] Installing camera_node script to /home/ubuntu/BANSHEE-Mechatronics-SPR24/Banshee-ros/install/camera_node/lib/camera_node
[0.943s] writing list of installed files to '/home/ubuntu/BANSHEE-Mechatronics-SPR24/Banshee-ros/build/camera_node/install.log'
[0.962s] Invoked command in '/home/ubuntu/BANSHEE-Mechatronics-SPR24/Banshee-ros/src/camera_node' returned '0': PYTHONPATH=/home/ubuntu/BANSHEE-Mechatronics-SPR24/Banshee-ros/build/camera_node/prefix_override:/usr/lib/python3/dist-packages/colcon_core/task/python/colcon_distutils_commands:/home/ubuntu/BANSHEE-Mechatronics-SPR24/Banshee-ros/install/camera_node/lib/python3.10/site-packages:${PYTHONPATH} /usr/bin/python3 -W ignore:setup.py install is deprecated setup.py egg_info --egg-base ../../build/camera_node build --build-base /home/ubuntu/BANSHEE-Mechatronics-SPR24/Banshee-ros/build/camera_node/build install --record /home/ubuntu/BANSHEE-Mechatronics-SPR24/Banshee-ros/build/camera_node/install.log --single-version-externally-managed install_data
