running egg_info
creating ../../build/integration/integration.egg-info
writing ../../build/integration/integration.egg-info/PKG-INFO
writing dependency_links to ../../build/integration/integration.egg-info/dependency_links.txt
writing entry points to ../../build/integration/integration.egg-info/entry_points.txt
writing requirements to ../../build/integration/integration.egg-info/requires.txt
writing top-level names to ../../build/integration/integration.egg-info/top_level.txt
writing manifest file '../../build/integration/integration.egg-info/SOURCES.txt'
reading manifest file '../../build/integration/integration.egg-info/SOURCES.txt'
writing manifest file '../../build/integration/integration.egg-info/SOURCES.txt'
running build
running build_py
creating /home/ubuntu/BANSHEE-Mechatronics-SPR24/Banshee-ros/build/integration/build
creating /home/ubuntu/BANSHEE-Mechatronics-SPR24/Banshee-ros/build/integration/build/lib
creating /home/ubuntu/BANSHEE-Mechatronics-SPR24/Banshee-ros/build/integration/build/lib/integration
copying integration/integration_node.py -> /home/ubuntu/BANSHEE-Mechatronics-SPR24/Banshee-ros/build/integration/build/lib/integration
copying integration/motorctrl_v2.py -> /home/ubuntu/BANSHEE-Mechatronics-SPR24/Banshee-ros/build/integration/build/lib/integration
copying integration/__init__.py -> /home/ubuntu/BANSHEE-Mechatronics-SPR24/Banshee-ros/build/integration/build/lib/integration
copying integration/Movement_Calc_v2.py -> /home/ubuntu/BANSHEE-Mechatronics-SPR24/Banshee-ros/build/integration/build/lib/integration
running install
running install_lib
creating /home/ubuntu/BANSHEE-Mechatronics-SPR24/Banshee-ros/install/integration/lib/python3.10/site-packages/integration
copying /home/ubuntu/BANSHEE-Mechatronics-SPR24/Banshee-ros/build/integration/build/lib/integration/integration_node.py -> /home/ubuntu/BANSHEE-Mechatronics-SPR24/Banshee-ros/install/integration/lib/python3.10/site-packages/integration
copying /home/ubuntu/BANSHEE-Mechatronics-SPR24/Banshee-ros/build/integration/build/lib/integration/motorctrl_v2.py -> /home/ubuntu/BANSHEE-Mechatronics-SPR24/Banshee-ros/install/integration/lib/python3.10/site-packages/integration
copying /home/ubuntu/BANSHEE-Mechatronics-SPR24/Banshee-ros/build/integration/build/lib/integration/__init__.py -> /home/ubuntu/BANSHEE-Mechatronics-SPR24/Banshee-ros/install/integration/lib/python3.10/site-packages/integration
copying /home/ubuntu/BANSHEE-Mechatronics-SPR24/Banshee-ros/build/integration/build/lib/integration/Movement_Calc_v2.py -> /home/ubuntu/BANSHEE-Mechatronics-SPR24/Banshee-ros/install/integration/lib/python3.10/site-packages/integration
byte-compiling /home/ubuntu/BANSHEE-Mechatronics-SPR24/Banshee-ros/install/integration/lib/python3.10/site-packages/integration/integration_node.py to integration_node.cpython-310.pyc
byte-compiling /home/ubuntu/BANSHEE-Mechatronics-SPR24/Banshee-ros/install/integration/lib/python3.10/site-packages/integration/motorctrl_v2.py to motorctrl_v2.cpython-310.pyc
byte-compiling /home/ubuntu/BANSHEE-Mechatronics-SPR24/Banshee-ros/install/integration/lib/python3.10/site-packages/integration/__init__.py to __init__.cpython-310.pyc
byte-compiling /home/ubuntu/BANSHEE-Mechatronics-SPR24/Banshee-ros/install/integration/lib/python3.10/site-packages/integration/Movement_Calc_v2.py to Movement_Calc_v2.cpython-310.pyc
running install_data
creating /home/ubuntu/BANSHEE-Mechatronics-SPR24/Banshee-ros/install/integration/share/ament_index
creating /home/ubuntu/BANSHEE-Mechatronics-SPR24/Banshee-ros/install/integration/share/ament_index/resource_index
creating /home/ubuntu/BANSHEE-Mechatronics-SPR24/Banshee-ros/install/integration/share/ament_index/resource_index/packages
copying resource/integration -> /home/ubuntu/BANSHEE-Mechatronics-SPR24/Banshee-ros/install/integration/share/ament_index/resource_index/packages
copying package.xml -> /home/ubuntu/BANSHEE-Mechatronics-SPR24/Banshee-ros/install/integration/share/integration
running install_egg_info
Copying ../../build/integration/integration.egg-info to /home/ubuntu/BANSHEE-Mechatronics-SPR24/Banshee-ros/install/integration/lib/python3.10/site-packages/integration-0.0.0-py3.10.egg-info
running install_scripts
Installing integration_node script to /home/ubuntu/BANSHEE-Mechatronics-SPR24/Banshee-ros/install/integration/lib/integration
writing list of installed files to '/home/ubuntu/BANSHEE-Mechatronics-SPR24/Banshee-ros/build/integration/install.log'
